<?xml version="1.0" encoding="UTF-8"?>
<testng-results skipped="0" failed="0" ignored="0" total="1" passed="1">
  <reporter-output>
  </reporter-output>
  <suite name="Suite" duration-ms="47" started-at="2018-12-19T13:15:01Z" finished-at="2018-12-19T13:15:01Z">
    <groups>
    </groups>
    <test name="Test" duration-ms="47" started-at="2018-12-19T13:15:01Z" finished-at="2018-12-19T13:15:01Z">
      <class name="Jenkin.Sample.com.JenkinNGTesting.Jenkin_Testing_1">
        <test-method status="PASS" signature="beforeMethod()[pri:0, instance:Jenkin.Sample.com.JenkinNGTesting.Jenkin_Testing_1@396a51ab]" name="beforeMethod" is-config="true" duration-ms="6" started-at="2018-12-19T13:15:01Z" finished-at="2018-12-19T13:15:01Z">
          <reporter-output>
          </reporter-output>
        </test-method> <!-- beforeMethod -->
        <test-method status="PASS" signature="f()[pri:0, instance:Jenkin.Sample.com.JenkinNGTesting.Jenkin_Testing_1@396a51ab]" name="f" duration-ms="5" started-at="2018-12-19T13:15:01Z" finished-at="2018-12-19T13:15:01Z">
          <reporter-output>
          </reporter-output>
        </test-method> <!-- f -->
        <test-method status="PASS" signature="afterMethod()[pri:0, instance:Jenkin.Sample.com.JenkinNGTesting.Jenkin_Testing_1@396a51ab]" name="afterMethod" is-config="true" duration-ms="0" started-at="2018-12-19T13:15:01Z" finished-at="2018-12-19T13:15:01Z">
          <reporter-output>
          </reporter-output>
        </test-method> <!-- afterMethod -->
      </class> <!-- Jenkin.Sample.com.JenkinNGTesting.Jenkin_Testing_1 -->
    </test> <!-- Test -->
  </suite> <!-- Suite -->
</testng-results>
